# JRE version: Java(TM) SE Runtime Environment (8.0_211-b12) (build 1.8.0_211-b12)
# Java VM: Java HotSpot(TM) 64-Bit Server VM (25.211-b12 mixed mode windows-amd64 compressed oops)
Heap:
 PSYoungGen      total 331776K, used 224605K [0x000000076b400000, 0x0000000783700000, 0x00000007c0000000)
  eden space 317952K, 66% used [0x000000076b400000,0x00000007781dbde0,0x000000077ea80000)
  from space 13824K, 99% used [0x0000000782980000,0x00000007836fb9a8,0x0000000783700000)
  to   space 15360K, 0% used [0x0000000781900000,0x0000000781900000,0x0000000782800000)
 ParOldGen       total 90112K, used 15783K [0x00000006c1c00000, 0x00000006c7400000, 0x000000076b400000)
  object space 90112K, 17% used [0x00000006c1c00000,0x00000006c2b69df0,0x00000006c7400000)
 Metaspace       used 53370K, capacity 54764K, committed 54952K, reserved 1097728K
  class space    used 6177K, capacity 6454K, committed 6568K, reserved 1048576K
GC Heap History (10 events):
Event: 4.695 GC heap before
{Heap before GC invocations=8 (full 1):
 PSYoungGen      total 232448K, used 232383K [0x000000076b400000, 0x000000077c480000, 0x00000007c0000000)
  eden space 226816K, 100% used [0x000000076b400000,0x0000000779180000,0x0000000779180000)
  from space 5632K, 98% used [0x000000077bf00000,0x000000077c46fca8,0x000000077c480000)
  to   space 11776K, 0% used [0x000000077ad80000,0x000000077ad80000,0x000000077b900000)
 ParOldGen       total 90112K, used 8816K [0x00000006c1c00000, 0x00000006c7400000, 0x000000076b400000)
  object space 90112K, 9% used [0x00000006c1c00000,0x00000006c249c238,0x00000006c7400000)
 Metaspace       used 33039K, capacity 33840K, committed 34048K, reserved 1079296K
  class space    used 3878K, capacity 4062K, committed 4096K, reserved 1048576K
Event: 4.703 GC heap after
Heap after GC invocations=8 (full 1):
 PSYoungGen      total 267264K, used 10581K [0x000000076b400000, 0x0000000784280000, 0x00000007c0000000)
  eden space 255488K, 0% used [0x000000076b400000,0x000000076b400000,0x000000077ad80000)
  from space 11776K, 89% used [0x000000077ad80000,0x000000077b7d5518,0x000000077b900000)
  to   space 12288K, 0% used [0x0000000783680000,0x0000000783680000,0x0000000784280000)
 ParOldGen       total 90112K, used 8832K [0x00000006c1c00000, 0x00000006c7400000, 0x000000076b400000)
  object space 90112K, 9% used [0x00000006c1c00000,0x00000006c24a0238,0x00000006c7400000)
 Metaspace       used 33039K, capacity 33840K, committed 34048K, reserved 1079296K
  class space    used 3878K, capacity 4062K, committed 4096K, reserved 1048576K
}
Event: 4.876 GC heap before
{Heap before GC invocations=9 (full 1):
 PSYoungGen      total 267264K, used 71199K [0x000000076b400000, 0x0000000784280000, 0x00000007c0000000)
  eden space 255488K, 23% used [0x000000076b400000,0x000000076ef32900,0x000000077ad80000)
  from space 11776K, 89% used [0x000000077ad80000,0x000000077b7d5518,0x000000077b900000)
  to   space 12288K, 0% used [0x0000000783680000,0x0000000783680000,0x0000000784280000)
 ParOldGen       total 90112K, used 8832K [0x00000006c1c00000, 0x00000006c7400000, 0x000000076b400000)
  object space 90112K, 9% used [0x00000006c1c00000,0x00000006c24a0238,0x00000006c7400000)
 Metaspace       used 34453K, capacity 35260K, committed 35496K, reserved 1081344K
  class space    used 4040K, capacity 4234K, committed 4264K, reserved 1048576K
Event: 4.881 GC heap after
Heap after GC invocations=9 (full 1):
 PSYoungGen      total 267776K, used 6034K [0x000000076b400000, 0x0000000784280000, 0x00000007c0000000)
  eden space 255488K, 0% used [0x000000076b400000,0x000000076b400000,0x000000077ad80000)
  from space 12288K, 49% used [0x0000000783680000,0x0000000783c649a0,0x0000000784280000)
  to   space 11776K, 0% used [0x000000077ad80000,0x000000077ad80000,0x000000077b900000)
 ParOldGen       total 90112K, used 8840K [0x00000006c1c00000, 0x00000006c7400000, 0x000000076b400000)
  object space 90112K, 9% used [0x00000006c1c00000,0x00000006c24a2238,0x00000006c7400000)
 Metaspace       used 34453K, capacity 35260K, committed 35496K, reserved 1081344K
  class space    used 4040K, capacity 4234K, committed 4264K, reserved 1048576K
}
Event: 4.881 GC heap before
{Heap before GC invocations=10 (full 2):
 PSYoungGen      total 267776K, used 6034K [0x000000076b400000, 0x0000000784280000, 0x00000007c0000000)
  eden space 255488K, 0% used [0x000000076b400000,0x000000076b400000,0x000000077ad80000)
  from space 12288K, 49% used [0x0000000783680000,0x0000000783c649a0,0x0000000784280000)
  to   space 11776K, 0% used [0x000000077ad80000,0x000000077ad80000,0x000000077b900000)
 ParOldGen       total 90112K, used 8840K [0x00000006c1c00000, 0x00000006c7400000, 0x000000076b400000)
  object space 90112K, 9% used [0x00000006c1c00000,0x00000006c24a2238,0x00000006c7400000)
 Metaspace       used 34453K, capacity 35260K, committed 35496K, reserved 1081344K
  class space    used 4040K, capacity 4234K, committed 4264K, reserved 1048576K
Event: 4.954 GC heap after
Heap after GC invocations=10 (full 2):
 PSYoungGen      total 267776K, used 0K [0x000000076b400000, 0x0000000784280000, 0x00000007c0000000)
  eden space 255488K, 0% used [0x000000076b400000,0x000000076b400000,0x000000077ad80000)
  from space 12288K, 0% used [0x0000000783680000,0x0000000783680000,0x0000000784280000)
  to   space 11776K, 0% used [0x000000077ad80000,0x000000077ad80000,0x000000077b900000)
 ParOldGen       total 90112K, used 13840K [0x00000006c1c00000, 0x00000006c7400000, 0x000000076b400000)
  object space 90112K, 15% used [0x00000006c1c00000,0x00000006c29842b0,0x00000006c7400000)
 Metaspace       used 34453K, capacity 35260K, committed 35496K, reserved 1081344K
  class space    used 4040K, capacity 4234K, committed 4264K, reserved 1048576K
}
Event: 5.763 GC heap before
{Heap before GC invocations=11 (full 2):
 PSYoungGen      total 267776K, used 255488K [0x000000076b400000, 0x0000000784280000, 0x00000007c0000000)
  eden space 255488K, 100% used [0x000000076b400000,0x000000077ad80000,0x000000077ad80000)
  from space 12288K, 0% used [0x0000000783680000,0x0000000783680000,0x0000000784280000)
  to   space 11776K, 0% used [0x000000077ad80000,0x000000077ad80000,0x000000077b900000)
 ParOldGen       total 90112K, used 13840K [0x00000006c1c00000, 0x00000006c7400000, 0x000000076b400000)
  object space 90112K, 15% used [0x00000006c1c00000,0x00000006c29842b0,0x00000006c7400000)
 Metaspace       used 39607K, capacity 40558K, committed 40744K, reserved 1085440K
  class space    used 4690K, capacity 4881K, committed 4904K, reserved 1048576K
Event: 5.769 GC heap after
Heap after GC invocations=11 (full 2):
 PSYoungGen      total 267264K, used 11752K [0x000000076b400000, 0x0000000783700000, 0x00000007c0000000)
  eden space 255488K, 0% used [0x000000076b400000,0x000000076b400000,0x000000077ad80000)
  from space 11776K, 99% used [0x000000077ad80000,0x000000077b8fa2c8,0x000000077b900000)
  to   space 13824K, 0% used [0x0000000782980000,0x0000000782980000,0x0000000783700000)
 ParOldGen       total 90112K, used 14511K [0x00000006c1c00000, 0x00000006c7400000, 0x000000076b400000)
  object space 90112K, 16% used [0x00000006c1c00000,0x00000006c2a2bdd0,0x00000006c7400000)
 Metaspace       used 39607K, capacity 40558K, committed 40744K, reserved 1085440K
  class space    used 4690K, capacity 4881K, committed 4904K, reserved 1048576K
}
Event: 7.086 GC heap before
{Heap before GC invocations=12 (full 2):
 PSYoungGen      total 267264K, used 267240K [0x000000076b400000, 0x0000000783700000, 0x00000007c0000000)
  eden space 255488K, 100% used [0x000000076b400000,0x000000077ad80000,0x000000077ad80000)
  from space 11776K, 99% used [0x000000077ad80000,0x000000077b8fa2c8,0x000000077b900000)
  to   space 13824K, 0% used [0x0000000782980000,0x0000000782980000,0x0000000783700000)
 ParOldGen       total 90112K, used 14511K [0x00000006c1c00000, 0x00000006c7400000, 0x000000076b400000)
  object space 90112K, 16% used [0x00000006c1c00000,0x00000006c2a2bdd0,0x00000006c7400000)
 Metaspace       used 45116K, capacity 46264K, committed 46376K, reserved 1089536K
  class space    used 5369K, capacity 5640K, committed 5672K, reserved 1048576K
Event: 7.099 GC heap after
Heap after GC invocations=12 (full 2):
 PSYoungGen      total 331776K, used 13806K [0x000000076b400000, 0x0000000783700000, 0x00000007c0000000)
  eden space 317952K, 0% used [0x000000076b400000,0x000000076b400000,0x000000077ea80000)
  from space 13824K, 99% used [0x0000000782980000,0x00000007836fb9a8,0x0000000783700000)
  to   space 15360K, 0% used [0x0000000781900000,0x0000000781900000,0x0000000782800000)
 ParOldGen       total 90112K, used 15783K [0x00000006c1c00000, 0x00000006c7400000, 0x000000076b400000)
  object space 90112K, 17% used [0x00000006c1c00000,0x00000006c2b69df0,0x00000006c7400000)
 Metaspace       used 45116K, capacity 46264K, committed 46376K, reserved 1089536K
  class space    used 5369K, capacity 5640K, committed 5672K, reserved 1048576K
}

